<?xml version="1.0" encoding="UTF-8"?>
<testsuite name="CalcTest" tests="4" skipped="0" failures="0" errors="0" timestamp="2021-12-05T15:25:55" hostname="LAPTOP-LIP084T1" time="0.058">
  <properties/>
  <testcase name="[1] 1, 1" classname="CalcTest" time="0.044"/>
  <testcase name="[2] 1+(2+3)*4+5*6+7-8+9/10+11-12+((13)-14*15)*16, -3103" classname="CalcTest" time="0.006"/>
  <testcase name="[3] 1/2, 0" classname="CalcTest" time="0.002"/>
  <testcase name="[4] 2+2*2, 6" classname="CalcTest" time="0.001"/>
  <system-out><![CDATA[]]></system-out>
  <system-err><![CDATA[]]></system-err>
</testsuite>
